2025-09-19T04:47:47: Contact form error: ZodError: [
  {
    "code": "too_small",
    "minimum": 2,
    "type": "string",
    "inclusive": true,
    "exact": false,
    "message": "Nome deve ter pelo menos 2 caracteres",
    "path": [
      "name"
    ]
  },
  {
    "validation": "email",
    "code": "invalid_string",
    "message": "Email inválido",
    "path": [
      "email"
    ]
  },
  {
    "code": "too_small",
    "minimum": 3,
    "type": "string",
    "inclusive": true,
    "exact": false,
    "message": "Assunto deve ter pelo menos 3 caracteres",
    "path": [
      "subject"
    ]
  },
  {
    "code": "too_small",
    "minimum": 10,
    "type": "string",
    "inclusive": true,
    "exact": false,
    "message": "Mensagem deve ter pelo menos 10 caracteres",
    "path": [
      "message"
    ]
  },
  {
    "code": "custom",
    "message": "Você deve aceitar os termos",
    "path": [
      "acceptTerms"
    ]
  }
]
    at Object.get error [as error] (/var/www/ln-educacional/node_modules/zod/v3/types.cjs:45:31)
    at ZodObject.parse (/var/www/ln-educacional/node_modules/zod/v3/types.cjs:120:22)
    at Object.<anonymous> (/var/www/ln-educacional/server/src/routes.ts:1302:34)
    at processTicksAndRejections (node:internal/process/task_queues:95:5) {
  issues: [
    {
      code: 'too_small',
      minimum: 2,
      type: 'string',
      inclusive: true,
      exact: false,
      message: 'Nome deve ter pelo menos 2 caracteres',
      path: [Array]
    },
    {
      validation: 'email',
      code: 'invalid_string',
      message: 'Email inválido',
      path: [Array]
    },
    {
      code: 'too_small',
      minimum: 3,
      type: 'string',
      inclusive: true,
      exact: false,
      message: 'Assunto deve ter pelo menos 3 caracteres',
      path: [Array]
    },
    {
      code: 'too_small',
      minimum: 10,
      type: 'string',
      inclusive: true,
      exact: false,
      message: 'Mensagem deve ter pelo menos 10 caracteres',
      path: [Array]
    },
    {
      code: 'custom',
      message: 'Você deve aceitar os termos',
      path: [Array]
    }
  ],
  addIssue: [Function (anonymous)],
  addIssues: [Function (anonymous)],
  errors: [
    {
      code: 'too_small',
      minimum: 2,
      type: 'string',
      inclusive: true,
      exact: false,
      message: 'Nome deve ter pelo menos 2 caracteres',
      path: [Array]
    },
    {
      validation: 'email',
      code: 'invalid_string',
      message: 'Email inválido',
      path: [Array]
    },
    {
      code: 'too_small',
      minimum: 3,
      type: 'string',
      inclusive: true,
      exact: false,
      message: 'Assunto deve ter pelo menos 3 caracteres',
      path: [Array]
    },
    {
      code: 'too_small',
      minimum: 10,
      type: 'string',
      inclusive: true,
      exact: false,
      message: 'Mensagem deve ter pelo menos 10 caracteres',
      path: [Array]
    },
    {
      code: 'custom',
      message: 'Você deve aceitar os termos',
      path: [Array]
    }
  ]
}
